<?xml version="1.0" encoding="UTF-8"?>
<testng-results ignored="0" total="1" passed="1" failed="0" skipped="0">
  <reporter-output>
  </reporter-output>
  <suite started-at="2022-05-10T12:21:41 IST" name="Default suite" finished-at="2022-05-10T12:21:50 IST" duration-ms="9382">
    <groups>
    </groups>
    <test started-at="2022-05-10T12:21:41 IST" name="Default test" finished-at="2022-05-10T12:21:50 IST" duration-ms="9382">
      <class name="TestClass">
        <test-method is-config="true" signature="setUp()[pri:0, instance:TestClass@6c130c45]" started-at="2022-05-10T12:21:41 IST" name="setUp" finished-at="2022-05-10T12:21:44 IST" duration-ms="2911" status="PASS">
          <reporter-output>
          </reporter-output>
        </test-method> <!-- setUp -->
        <test-method signature="test()[pri:0, instance:TestClass@6c130c45]" started-at="2022-05-10T12:21:44 IST" name="test" finished-at="2022-05-10T12:21:50 IST" duration-ms="6345" status="PASS">
          <reporter-output>
          </reporter-output>
        </test-method> <!-- test -->
        <test-method is-config="true" signature="tearDown()[pri:0, instance:TestClass@6c130c45]" started-at="2022-05-10T12:21:50 IST" name="tearDown" finished-at="2022-05-10T12:21:50 IST" duration-ms="79" status="PASS">
          <reporter-output>
          </reporter-output>
        </test-method> <!-- tearDown -->
      </class> <!-- TestClass -->
    </test> <!-- Default test -->
  </suite> <!-- Default suite -->
</testng-results>
